<?xml version="1.0" encoding="UTF-8"?>
<testsuite name="com.scotiabankcolpatria.hiring.CreditRiskAssessmentTest" tests="1" skipped="0" failures="0" errors="0" timestamp="2021-09-29T23:20:43" hostname="SANTIAGO-VELEZ" time="0.036">
  <properties/>
  <testcase name="standardDeviationTest2()" classname="com.scotiabankcolpatria.hiring.CreditRiskAssessmentTest" time="0.036"/>
  <system-out><![CDATA[Promedio ( 2.6 ) 
Varianza ( 21.84 ) 
]]></system-out>
  <system-err><![CDATA[]]></system-err>
</testsuite>
